<?xml version="1.0" encoding="UTF-8"?>
<testsuite xmlns:xsi="http://www.w3.org/2001/XMLSchema-instance" xsi:noNamespaceSchemaLocation="https://maven.apache.org/surefire/maven-surefire-plugin/xsd/surefire-test-report.xsd" name="xyz.fbcf.mcplugin.AppTest" time="0.017" tests="1" errors="0" skipped="0" failures="0">
  <properties>
    <property name="java.specification.version" value="16"/>
    <property name="sun.jnu.encoding" value="UTF-8"/>
    <property name="java.class.path" value="/home/efbicief/Documents/personal/mcplugin/mcplugin/target/test-classes:/home/efbicief/Documents/personal/mcplugin/mcplugin/target/classes:/home/efbicief/.m2/repository/junit/junit/4.11/junit-4.11.jar:/home/efbicief/.m2/repository/org/hamcrest/hamcrest-core/1.3/hamcrest-core-1.3.jar:/home/efbicief/.m2/repository/org/spigotmc/spigot-api/1.17-R0.1-SNAPSHOT/spigot-api-1.17-R0.1-SNAPSHOT.jar:/home/efbicief/.m2/repository/commons-lang/commons-lang/2.6/commons-lang-2.6.jar:/home/efbicief/.m2/repository/com/google/guava/guava/21.0/guava-21.0.jar:/home/efbicief/.m2/repository/com/google/code/gson/gson/2.8.0/gson-2.8.0.jar:/home/efbicief/.m2/repository/net/md-5/bungeecord-chat/1.16-R0.4/bungeecord-chat-1.16-R0.4.jar:/home/efbicief/.m2/repository/org/yaml/snakeyaml/1.28/snakeyaml-1.28.jar:"/>
    <property name="java.vm.vendor" value="Oracle Corporation"/>
    <property name="sun.arch.data.model" value="64"/>
    <property name="java.vendor.url" value="https://java.oracle.com/"/>
    <property name="os.name" value="Linux"/>
    <property name="java.vm.specification.version" value="16"/>
    <property name="sun.java.launcher" value="SUN_STANDARD"/>
    <property name="user.country" value="US"/>
    <property name="sun.boot.library.path" value="/usr/lib/jvm/java-16-jdk/lib"/>
    <property name="sun.java.command" value="/home/efbicief/Documents/personal/mcplugin/mcplugin/target/surefire/surefirebooter11062163795706050981.jar /home/efbicief/Documents/personal/mcplugin/mcplugin/target/surefire 2021-06-22T20-12-27_605-jvmRun1 surefire14318951555450947600tmp surefire_011917910719784573528tmp"/>
    <property name="jdk.debug" value="release"/>
    <property name="surefire.test.class.path" value="/home/efbicief/Documents/personal/mcplugin/mcplugin/target/test-classes:/home/efbicief/Documents/personal/mcplugin/mcplugin/target/classes:/home/efbicief/.m2/repository/junit/junit/4.11/junit-4.11.jar:/home/efbicief/.m2/repository/org/hamcrest/hamcrest-core/1.3/hamcrest-core-1.3.jar:/home/efbicief/.m2/repository/org/spigotmc/spigot-api/1.17-R0.1-SNAPSHOT/spigot-api-1.17-R0.1-SNAPSHOT.jar:/home/efbicief/.m2/repository/commons-lang/commons-lang/2.6/commons-lang-2.6.jar:/home/efbicief/.m2/repository/com/google/guava/guava/21.0/guava-21.0.jar:/home/efbicief/.m2/repository/com/google/code/gson/gson/2.8.0/gson-2.8.0.jar:/home/efbicief/.m2/repository/net/md-5/bungeecord-chat/1.16-R0.4/bungeecord-chat-1.16-R0.4.jar:/home/efbicief/.m2/repository/org/yaml/snakeyaml/1.28/snakeyaml-1.28.jar:"/>
    <property name="sun.cpu.endian" value="little"/>
    <property name="user.home" value="/home/efbicief"/>
    <property name="user.language" value="en"/>
    <property name="java.specification.vendor" value="Oracle Corporation"/>
    <property name="java.version.date" value="2021-04-20"/>
    <property name="java.home" value="/usr/lib/jvm/java-16-jdk"/>
    <property name="file.separator" value="/"/>
    <property name="basedir" value="/home/efbicief/Documents/personal/mcplugin/mcplugin"/>
    <property name="java.vm.compressedOopsMode" value="Zero based"/>
    <property name="line.separator" value="&#10;"/>
    <property name="java.vm.specification.vendor" value="Oracle Corporation"/>
    <property name="java.specification.name" value="Java Platform API Specification"/>
    <property name="surefire.real.class.path" value="/home/efbicief/Documents/personal/mcplugin/mcplugin/target/surefire/surefirebooter11062163795706050981.jar"/>
    <property name="sun.management.compiler" value="HotSpot 64-Bit Tiered Compilers"/>
    <property name="java.runtime.version" value="16.0.1+9-24"/>
    <property name="user.name" value="efbicief"/>
    <property name="path.separator" value=":"/>
    <property name="os.version" value="5.10.36-2-MANJARO"/>
    <property name="java.runtime.name" value="Java(TM) SE Runtime Environment"/>
    <property name="file.encoding" value="UTF-8"/>
    <property name="java.vm.name" value="Java HotSpot(TM) 64-Bit Server VM"/>
    <property name="localRepository" value="/home/efbicief/.m2/repository"/>
    <property name="java.vendor.url.bug" value="https://bugreport.java.com/bugreport/"/>
    <property name="java.io.tmpdir" value="/tmp"/>
    <property name="java.version" value="16.0.1"/>
    <property name="user.dir" value="/home/efbicief/Documents/personal/mcplugin/mcplugin"/>
    <property name="os.arch" value="amd64"/>
    <property name="java.vm.specification.name" value="Java Virtual Machine Specification"/>
    <property name="java.library.path" value="/usr/java/packages/lib:/usr/lib64:/lib64:/lib:/usr/lib"/>
    <property name="java.vm.info" value="mixed mode, sharing"/>
    <property name="java.vendor" value="Oracle Corporation"/>
    <property name="java.vm.version" value="16.0.1+9-24"/>
    <property name="sun.io.unicode.encoding" value="UnicodeLittle"/>
    <property name="java.class.version" value="60.0"/>
  </properties>
  <testcase name="shouldAnswerWithTrue" classname="xyz.fbcf.mcplugin.AppTest" time="0.001"/>
</testsuite>